<?xml version="1.0" encoding="UTF-8"?>
<!-- Generated by org.testng.reporters.JUnitReportReporter -->
<testsuite skipped="0" hostname="DESKTOP-2HHSBE5" name="com.automationpractice.qa.testrunners.CucumberTestRunner" tests="5" failures="0" timestamp="2022-05-25T11:28:40 BDT" time="77.147" errors="0">
  <testcase name="runScenario" time="18.054" classname="com.automationpractice.qa.testrunners.CucumberTestRunner"/>
  <system-out/>
  <testcase name="runScenario" time="12.201" classname="com.automationpractice.qa.testrunners.CucumberTestRunner"/>
  <system-out/>
  <testcase name="runScenario" time="16.346" classname="com.automationpractice.qa.testrunners.CucumberTestRunner"/>
  <system-out/>
  <testcase name="runScenario" time="13.607" classname="com.automationpractice.qa.testrunners.CucumberTestRunner"/>
  <system-out/>
  <testcase name="runScenario" time="16.939" classname="com.automationpractice.qa.testrunners.CucumberTestRunner"/>
  <system-out/>
</testsuite> <!-- com.automationpractice.qa.testrunners.CucumberTestRunner -->
